{"/Users/akiljawad/Documents/Projects/interview/sheba-cart-microservice/src/app.js": {"path":"/Users/akiljawad/Documents/Projects/interview/sheba-cart-microservice/src/app.js","statementMap":{"0":{"start":{"line":1,"column":16},"end":{"line":1,"column":34}},"1":{"start":{"line":2,"column":12},"end":{"line":2,"column":21}},"2":{"start":{"line":3,"column":15},"end":{"line":3,"column":32}},"3":{"start":{"line":4,"column":13},"end":{"line":4,"column":28}},"4":{"start":{"line":5,"column":15},"end":{"line":5,"column":34}},"5":{"start":{"line":6,"column":24},"end":{"line":6,"column":59}},"6":{"start":{"line":7,"column":21},"end":{"line":7,"column":51}},"7":{"start":{"line":8,"column":19},"end":{"line":8,"column":41}},"8":{"start":{"line":9,"column":15},"end":{"line":9,"column":34}},"9":{"start":{"line":11,"column":0},"end":{"line":11,"column":24}},"10":{"start":{"line":12,"column":0},"end":{"line":12,"column":18}},"11":{"start":{"line":13,"column":0},"end":{"line":13,"column":16}},"12":{"start":{"line":14,"column":0},"end":{"line":14,"column":49}},"13":{"start":{"line":16,"column":0},"end":{"line":16,"column":24}},"14":{"start":{"line":17,"column":0},"end":{"line":17,"column":38}},"15":{"start":{"line":19,"column":0},"end":{"line":19,"column":22}},"16":{"start":{"line":21,"column":13},"end":{"line":21,"column":24}},"17":{"start":{"line":22,"column":0},"end":{"line":26,"column":1}},"18":{"start":{"line":23,"column":4},"end":{"line":25,"column":7}},"19":{"start":{"line":24,"column":8},"end":{"line":24,"column":57}},"20":{"start":{"line":27,"column":0},"end":{"line":27,"column":21}}},"fnMap":{"0":{"name":"(anonymous_0)","decl":{"start":{"line":23,"column":21},"end":{"line":23,"column":22}},"loc":{"start":{"line":23,"column":27},"end":{"line":25,"column":5}},"line":23}},"branchMap":{"0":{"loc":{"start":{"line":22,"column":0},"end":{"line":26,"column":1}},"type":"if","locations":[{"start":{"line":22,"column":0},"end":{"line":26,"column":1}},{"start":{},"end":{}}],"line":22}},"s":{"0":1,"1":1,"2":1,"3":1,"4":1,"5":1,"6":1,"7":1,"8":1,"9":1,"10":1,"11":1,"12":1,"13":1,"14":1,"15":1,"16":1,"17":1,"18":0,"19":0,"20":1},"f":{"0":0},"b":{"0":[0,1]},"_coverageSchema":"1a1c01bbd47fc00a2c39e90264f33305004495a9","hash":"4d85f0ec1f30405949881198c5408e4c5df5b8c0"}
,"/Users/akiljawad/Documents/Projects/interview/sheba-cart-microservice/src/common/constants/statusCode.js": {"path":"/Users/akiljawad/Documents/Projects/interview/sheba-cart-microservice/src/common/constants/statusCode.js","statementMap":{"0":{"start":{"line":1,"column":0},"end":{"line":62,"column":2}}},"fnMap":{},"branchMap":{},"s":{"0":5},"f":{},"b":{},"_coverageSchema":"1a1c01bbd47fc00a2c39e90264f33305004495a9","hash":"40dba78b87275e9c7d1f823fa65178c34d68cd9a"}
,"/Users/akiljawad/Documents/Projects/interview/sheba-cart-microservice/src/common/enums/cartStatus.js": {"path":"/Users/akiljawad/Documents/Projects/interview/sheba-cart-microservice/src/common/enums/cartStatus.js","statementMap":{"0":{"start":{"line":1,"column":19},"end":{"line":4,"column":2}},"1":{"start":{"line":6,"column":0},"end":{"line":6,"column":28}}},"fnMap":{},"branchMap":{},"s":{"0":2,"1":2},"f":{},"b":{},"_coverageSchema":"1a1c01bbd47fc00a2c39e90264f33305004495a9","hash":"720808948fe8ae2080d95d521f45140aab0a9a3d"}
,"/Users/akiljawad/Documents/Projects/interview/sheba-cart-microservice/src/common/enums/role.js": {"path":"/Users/akiljawad/Documents/Projects/interview/sheba-cart-microservice/src/common/enums/role.js","statementMap":{"0":{"start":{"line":1,"column":13},"end":{"line":4,"column":2}},"1":{"start":{"line":6,"column":0},"end":{"line":6,"column":22}}},"fnMap":{},"branchMap":{},"s":{"0":2,"1":2},"f":{},"b":{},"_coverageSchema":"1a1c01bbd47fc00a2c39e90264f33305004495a9","hash":"5fc870182a0715b84607ea7c62167ea9d3bc9697"}
,"/Users/akiljawad/Documents/Projects/interview/sheba-cart-microservice/src/common/exceptions/badRequestError.js": {"path":"/Users/akiljawad/Documents/Projects/interview/sheba-cart-microservice/src/common/exceptions/badRequestError.js","statementMap":{"0":{"start":{"line":1,"column":19},"end":{"line":1,"column":53}},"1":{"start":{"line":5,"column":8},"end":{"line":5,"column":23}},"2":{"start":{"line":6,"column":8},"end":{"line":6,"column":54}},"3":{"start":{"line":10,"column":0},"end":{"line":10,"column":33}}},"fnMap":{"0":{"name":"(anonymous_0)","decl":{"start":{"line":4,"column":4},"end":{"line":4,"column":5}},"loc":{"start":{"line":4,"column":25},"end":{"line":7,"column":5}},"line":4}},"branchMap":{},"s":{"0":4,"1":2,"2":2,"3":4},"f":{"0":2},"b":{},"_coverageSchema":"1a1c01bbd47fc00a2c39e90264f33305004495a9","hash":"e6f9feeb51448e5bcbc119848530c95db99d10f4"}
,"/Users/akiljawad/Documents/Projects/interview/sheba-cart-microservice/src/common/exceptions/forbiddenError.js": {"path":"/Users/akiljawad/Documents/Projects/interview/sheba-cart-microservice/src/common/exceptions/forbiddenError.js","statementMap":{"0":{"start":{"line":1,"column":19},"end":{"line":1,"column":53}},"1":{"start":{"line":5,"column":8},"end":{"line":5,"column":23}},"2":{"start":{"line":6,"column":8},"end":{"line":6,"column":52}},"3":{"start":{"line":10,"column":0},"end":{"line":10,"column":32}}},"fnMap":{"0":{"name":"(anonymous_0)","decl":{"start":{"line":4,"column":4},"end":{"line":4,"column":5}},"loc":{"start":{"line":4,"column":25},"end":{"line":7,"column":5}},"line":4}},"branchMap":{},"s":{"0":3,"1":0,"2":0,"3":3},"f":{"0":0},"b":{},"_coverageSchema":"1a1c01bbd47fc00a2c39e90264f33305004495a9","hash":"91b7dad25b889a3851c8a6c9254c3df0b712da34"}
,"/Users/akiljawad/Documents/Projects/interview/sheba-cart-microservice/src/common/exceptions/notFoundError.js": {"path":"/Users/akiljawad/Documents/Projects/interview/sheba-cart-microservice/src/common/exceptions/notFoundError.js","statementMap":{"0":{"start":{"line":1,"column":19},"end":{"line":1,"column":53}},"1":{"start":{"line":5,"column":8},"end":{"line":5,"column":23}},"2":{"start":{"line":6,"column":8},"end":{"line":6,"column":52}},"3":{"start":{"line":10,"column":0},"end":{"line":10,"column":31}}},"fnMap":{"0":{"name":"(anonymous_0)","decl":{"start":{"line":4,"column":4},"end":{"line":4,"column":5}},"loc":{"start":{"line":4,"column":25},"end":{"line":7,"column":5}},"line":4}},"branchMap":{},"s":{"0":3,"1":0,"2":0,"3":3},"f":{"0":0},"b":{},"_coverageSchema":"1a1c01bbd47fc00a2c39e90264f33305004495a9","hash":"2e748e20bcbf08a46ff54e06775b091fbc20cccf"}
,"/Users/akiljawad/Documents/Projects/interview/sheba-cart-microservice/src/common/exceptions/unauthorizedError.js": {"path":"/Users/akiljawad/Documents/Projects/interview/sheba-cart-microservice/src/common/exceptions/unauthorizedError.js","statementMap":{"0":{"start":{"line":1,"column":19},"end":{"line":1,"column":53}},"1":{"start":{"line":5,"column":8},"end":{"line":5,"column":23}},"2":{"start":{"line":6,"column":8},"end":{"line":6,"column":55}},"3":{"start":{"line":10,"column":0},"end":{"line":10,"column":35}}},"fnMap":{"0":{"name":"(anonymous_0)","decl":{"start":{"line":4,"column":4},"end":{"line":4,"column":5}},"loc":{"start":{"line":4,"column":25},"end":{"line":7,"column":5}},"line":4}},"branchMap":{},"s":{"0":1,"1":0,"2":0,"3":1},"f":{"0":0},"b":{},"_coverageSchema":"1a1c01bbd47fc00a2c39e90264f33305004495a9","hash":"4c5b9f952e5a95ba2a0f1e32088786f2beb11e32"}
,"/Users/akiljawad/Documents/Projects/interview/sheba-cart-microservice/src/common/exceptions/unprocessableError.js": {"path":"/Users/akiljawad/Documents/Projects/interview/sheba-cart-microservice/src/common/exceptions/unprocessableError.js","statementMap":{"0":{"start":{"line":1,"column":19},"end":{"line":1,"column":53}},"1":{"start":{"line":5,"column":8},"end":{"line":5,"column":23}},"2":{"start":{"line":6,"column":8},"end":{"line":6,"column":63}},"3":{"start":{"line":10,"column":0},"end":{"line":10,"column":36}}},"fnMap":{"0":{"name":"(anonymous_0)","decl":{"start":{"line":4,"column":4},"end":{"line":4,"column":5}},"loc":{"start":{"line":4,"column":25},"end":{"line":7,"column":5}},"line":4}},"branchMap":{},"s":{"0":1,"1":2,"2":2,"3":1},"f":{"0":2},"b":{},"_coverageSchema":"1a1c01bbd47fc00a2c39e90264f33305004495a9","hash":"0018111c69596ce26be095b7899af0c4969f9b9b"}
,"/Users/akiljawad/Documents/Projects/interview/sheba-cart-microservice/src/common/response/successResponse.js": {"path":"/Users/akiljawad/Documents/Projects/interview/sheba-cart-microservice/src/common/response/successResponse.js","statementMap":{"0":{"start":{"line":1,"column":19},"end":{"line":1,"column":53}},"1":{"start":{"line":3,"column":24},"end":{"line":9,"column":1}},"2":{"start":{"line":4,"column":4},"end":{"line":8,"column":7}},"3":{"start":{"line":11,"column":0},"end":{"line":11,"column":33}}},"fnMap":{"0":{"name":"(anonymous_0)","decl":{"start":{"line":3,"column":24},"end":{"line":3,"column":25}},"loc":{"start":{"line":3,"column":102},"end":{"line":9,"column":1}},"line":3}},"branchMap":{"0":{"loc":{"start":{"line":3,"column":36},"end":{"line":3,"column":66}},"type":"default-arg","locations":[{"start":{"line":3,"column":46},"end":{"line":3,"column":66}}],"line":3},"1":{"loc":{"start":{"line":3,"column":68},"end":{"line":3,"column":97}},"type":"default-arg","locations":[{"start":{"line":3,"column":75},"end":{"line":3,"column":97}}],"line":3}},"s":{"0":2,"1":2,"2":3,"3":2},"f":{"0":3},"b":{"0":[3],"1":[3]},"_coverageSchema":"1a1c01bbd47fc00a2c39e90264f33305004495a9","hash":"5d3d078c78a41d3de7f0f5c1f451266af18385b6"}
,"/Users/akiljawad/Documents/Projects/interview/sheba-cart-microservice/src/common/utils/asyncHandler.js": {"path":"/Users/akiljawad/Documents/Projects/interview/sheba-cart-microservice/src/common/utils/asyncHandler.js","statementMap":{"0":{"start":{"line":1,"column":21},"end":{"line":3,"column":1}},"1":{"start":{"line":1,"column":29},"end":{"line":3,"column":1}},"2":{"start":{"line":2,"column":4},"end":{"line":2,"column":52}},"3":{"start":{"line":5,"column":0},"end":{"line":5,"column":30}}},"fnMap":{"0":{"name":"(anonymous_0)","decl":{"start":{"line":1,"column":21},"end":{"line":1,"column":22}},"loc":{"start":{"line":1,"column":29},"end":{"line":3,"column":1}},"line":1},"1":{"name":"(anonymous_1)","decl":{"start":{"line":1,"column":29},"end":{"line":1,"column":30}},"loc":{"start":{"line":1,"column":55},"end":{"line":3,"column":1}},"line":1}},"branchMap":{},"s":{"0":2,"1":8,"2":5,"3":2},"f":{"0":8,"1":5},"b":{},"_coverageSchema":"1a1c01bbd47fc00a2c39e90264f33305004495a9","hash":"644fd8b441390c52ced83d4dd9179eb01a086646"}
,"/Users/akiljawad/Documents/Projects/interview/sheba-cart-microservice/src/config/db.js": {"path":"/Users/akiljawad/Documents/Projects/interview/sheba-cart-microservice/src/config/db.js","statementMap":{"0":{"start":{"line":1,"column":20},"end":{"line":1,"column":40}},"1":{"start":{"line":2,"column":15},"end":{"line":2,"column":35}},"2":{"start":{"line":4,"column":18},"end":{"line":12,"column":1}},"3":{"start":{"line":14,"column":0},"end":{"line":21,"column":5}},"4":{"start":{"line":15,"column":4},"end":{"line":20,"column":5}},"5":{"start":{"line":16,"column":8},"end":{"line":16,"column":39}},"6":{"start":{"line":17,"column":8},"end":{"line":17,"column":85}},"7":{"start":{"line":19,"column":8},"end":{"line":19,"column":67}},"8":{"start":{"line":23,"column":0},"end":{"line":23,"column":27}}},"fnMap":{"0":{"name":"(anonymous_0)","decl":{"start":{"line":14,"column":1},"end":{"line":14,"column":2}},"loc":{"start":{"line":14,"column":13},"end":{"line":21,"column":1}},"line":14}},"branchMap":{},"s":{"0":3,"1":3,"2":3,"3":3,"4":3,"5":3,"6":1,"7":0,"8":3},"f":{"0":3},"b":{},"_coverageSchema":"1a1c01bbd47fc00a2c39e90264f33305004495a9","hash":"f9fe662c9d7983a26db1a6a0f6f4c39bbee58057"}
,"/Users/akiljawad/Documents/Projects/interview/sheba-cart-microservice/src/config/index.js": {"path":"/Users/akiljawad/Documents/Projects/interview/sheba-cart-microservice/src/config/index.js","statementMap":{"0":{"start":{"line":1,"column":0},"end":{"line":1,"column":27}},"1":{"start":{"line":3,"column":0},"end":{"line":18,"column":2}}},"fnMap":{},"branchMap":{"0":{"loc":{"start":{"line":4,"column":10},"end":{"line":4,"column":34}},"type":"binary-expr","locations":[{"start":{"line":4,"column":10},"end":{"line":4,"column":26}},{"start":{"line":4,"column":30},"end":{"line":4,"column":34}}],"line":4},"1":{"loc":{"start":{"line":5,"column":13},"end":{"line":5,"column":50}},"type":"binary-expr","locations":[{"start":{"line":5,"column":13},"end":{"line":5,"column":33}},{"start":{"line":5,"column":37},"end":{"line":5,"column":50}}],"line":5},"2":{"loc":{"start":{"line":7,"column":18},"end":{"line":7,"column":47}},"type":"binary-expr","locations":[{"start":{"line":7,"column":18},"end":{"line":7,"column":37}},{"start":{"line":7,"column":41},"end":{"line":7,"column":47}}],"line":7},"3":{"loc":{"start":{"line":8,"column":18},"end":{"line":8,"column":60}},"type":"binary-expr","locations":[{"start":{"line":8,"column":18},"end":{"line":8,"column":41}},{"start":{"line":8,"column":45},"end":{"line":8,"column":60}}],"line":8},"4":{"loc":{"start":{"line":9,"column":18},"end":{"line":9,"column":111}},"type":"cond-expr","locations":[{"start":{"line":9,"column":52},"end":{"line":9,"column":76}},{"start":{"line":9,"column":79},"end":{"line":9,"column":111}}],"line":9},"5":{"loc":{"start":{"line":9,"column":79},"end":{"line":9,"column":111}},"type":"binary-expr","locations":[{"start":{"line":9,"column":79},"end":{"line":9,"column":98}},{"start":{"line":9,"column":102},"end":{"line":9,"column":111}}],"line":9},"6":{"loc":{"start":{"line":10,"column":14},"end":{"line":10,"column":48}},"type":"binary-expr","locations":[{"start":{"line":10,"column":14},"end":{"line":10,"column":33}},{"start":{"line":10,"column":37},"end":{"line":10,"column":48}}],"line":10},"7":{"loc":{"start":{"line":11,"column":14},"end":{"line":11,"column":41}},"type":"binary-expr","locations":[{"start":{"line":11,"column":14},"end":{"line":11,"column":33}},{"start":{"line":11,"column":37},"end":{"line":11,"column":41}}],"line":11},"8":{"loc":{"start":{"line":12,"column":17},"end":{"line":12,"column":50}},"type":"binary-expr","locations":[{"start":{"line":12,"column":17},"end":{"line":12,"column":39}},{"start":{"line":12,"column":43},"end":{"line":12,"column":50}}],"line":12},"9":{"loc":{"start":{"line":14,"column":14},"end":{"line":14,"column":90}},"type":"binary-expr","locations":[{"start":{"line":14,"column":14},"end":{"line":14,"column":36}},{"start":{"line":14,"column":40},"end":{"line":14,"column":90}}],"line":14},"10":{"loc":{"start":{"line":15,"column":16},"end":{"line":15,"column":93}},"type":"binary-expr","locations":[{"start":{"line":15,"column":16},"end":{"line":15,"column":39}},{"start":{"line":15,"column":43},"end":{"line":15,"column":93}}],"line":15},"11":{"loc":{"start":{"line":16,"column":21},"end":{"line":16,"column":60}},"type":"binary-expr","locations":[{"start":{"line":16,"column":21},"end":{"line":16,"column":51}},{"start":{"line":16,"column":55},"end":{"line":16,"column":60}}],"line":16},"12":{"loc":{"start":{"line":17,"column":23},"end":{"line":17,"column":62}},"type":"binary-expr","locations":[{"start":{"line":17,"column":23},"end":{"line":17,"column":54}},{"start":{"line":17,"column":58},"end":{"line":17,"column":62}}],"line":17}},"s":{"0":3,"1":3},"f":{},"b":{"0":[3,0],"1":[3,0],"2":[3,0],"3":[3,0],"4":[3,0],"5":[0,0],"6":[3,0],"7":[3,0],"8":[3,0],"9":[3,0],"10":[3,0],"11":[3,0],"12":[3,0]},"_coverageSchema":"1a1c01bbd47fc00a2c39e90264f33305004495a9","hash":"b7ddaa5c113962a199ad0e199f738a5d3ce77ed6"}
,"/Users/akiljawad/Documents/Projects/interview/sheba-cart-microservice/src/controllers/authController.js": {"path":"/Users/akiljawad/Documents/Projects/interview/sheba-cart-microservice/src/controllers/authController.js","statementMap":{"0":{"start":{"line":1,"column":24},"end":{"line":1,"column":69}},"1":{"start":{"line":2,"column":20},"end":{"line":2,"column":54}},"2":{"start":{"line":4,"column":23},"end":{"line":28,"column":1}},"3":{"start":{"line":6,"column":46},"end":{"line":6,"column":54}},"4":{"start":{"line":8,"column":8},"end":{"line":12,"column":11}},"5":{"start":{"line":15,"column":34},"end":{"line":15,"column":42}},"6":{"start":{"line":17,"column":8},"end":{"line":19,"column":11}},"7":{"start":{"line":22,"column":31},"end":{"line":22,"column":39}},"8":{"start":{"line":24,"column":8},"end":{"line":26,"column":11}},"9":{"start":{"line":30,"column":0},"end":{"line":30,"column":32}}},"fnMap":{"0":{"name":"(anonymous_0)","decl":{"start":{"line":5,"column":16},"end":{"line":5,"column":17}},"loc":{"start":{"line":5,"column":36},"end":{"line":13,"column":5}},"line":5},"1":{"name":"(anonymous_1)","decl":{"start":{"line":14,"column":11},"end":{"line":14,"column":12}},"loc":{"start":{"line":14,"column":31},"end":{"line":20,"column":5}},"line":14},"2":{"name":"(anonymous_2)","decl":{"start":{"line":21,"column":18},"end":{"line":21,"column":19}},"loc":{"start":{"line":21,"column":38},"end":{"line":27,"column":5}},"line":21}},"branchMap":{},"s":{"0":2,"1":2,"2":2,"3":3,"4":3,"5":3,"6":3,"7":2,"8":2,"9":2},"f":{"0":3,"1":3,"2":2},"b":{},"_coverageSchema":"1a1c01bbd47fc00a2c39e90264f33305004495a9","hash":"9c445bc36d836d3e051594d2cb3c28952a2fcbcb"}
,"/Users/akiljawad/Documents/Projects/interview/sheba-cart-microservice/src/controllers/cartController.js": {"path":"/Users/akiljawad/Documents/Projects/interview/sheba-cart-microservice/src/controllers/cartController.js","statementMap":{"0":{"start":{"line":1,"column":24},"end":{"line":1,"column":69}},"1":{"start":{"line":2,"column":20},"end":{"line":2,"column":54}},"2":{"start":{"line":3,"column":24},"end":{"line":3,"column":62}},"3":{"start":{"line":5,"column":23},"end":{"line":43,"column":1}},"4":{"start":{"line":7,"column":21},"end":{"line":7,"column":29}},"5":{"start":{"line":9,"column":8},"end":{"line":11,"column":11}},"6":{"start":{"line":14,"column":25},"end":{"line":14,"column":35}},"7":{"start":{"line":15,"column":65},"end":{"line":15,"column":73}},"8":{"start":{"line":17,"column":8},"end":{"line":19,"column":25}},"9":{"start":{"line":22,"column":33},"end":{"line":22,"column":43}},"10":{"start":{"line":23,"column":27},"end":{"line":23,"column":35}},"11":{"start":{"line":25,"column":8},"end":{"line":27,"column":27}},"12":{"start":{"line":30,"column":33},"end":{"line":30,"column":43}},"13":{"start":{"line":32,"column":8},"end":{"line":34,"column":27}},"14":{"start":{"line":37,"column":25},"end":{"line":37,"column":35}},"15":{"start":{"line":39,"column":8},"end":{"line":41,"column":10}},"16":{"start":{"line":45,"column":0},"end":{"line":45,"column":32}}},"fnMap":{"0":{"name":"(anonymous_0)","decl":{"start":{"line":6,"column":16},"end":{"line":6,"column":17}},"loc":{"start":{"line":6,"column":36},"end":{"line":12,"column":5}},"line":6},"1":{"name":"(anonymous_1)","decl":{"start":{"line":13,"column":13},"end":{"line":13,"column":14}},"loc":{"start":{"line":13,"column":33},"end":{"line":20,"column":5}},"line":13},"2":{"name":"(anonymous_2)","decl":{"start":{"line":21,"column":16},"end":{"line":21,"column":17}},"loc":{"start":{"line":21,"column":36},"end":{"line":28,"column":5}},"line":21},"3":{"name":"(anonymous_3)","decl":{"start":{"line":29,"column":16},"end":{"line":29,"column":17}},"loc":{"start":{"line":29,"column":36},"end":{"line":35,"column":5}},"line":29},"4":{"name":"(anonymous_4)","decl":{"start":{"line":36,"column":18},"end":{"line":36,"column":19}},"loc":{"start":{"line":36,"column":38},"end":{"line":42,"column":5}},"line":36}},"branchMap":{},"s":{"0":1,"1":1,"2":1,"3":1,"4":0,"5":0,"6":0,"7":0,"8":0,"9":0,"10":0,"11":0,"12":0,"13":0,"14":0,"15":0,"16":1},"f":{"0":0,"1":0,"2":0,"3":0,"4":0},"b":{},"_coverageSchema":"1a1c01bbd47fc00a2c39e90264f33305004495a9","hash":"3c79ba8db02813f1706eeb0b9658d48e307de551"}
,"/Users/akiljawad/Documents/Projects/interview/sheba-cart-microservice/src/middlewares/error.js": {"path":"/Users/akiljawad/Documents/Projects/interview/sheba-cart-microservice/src/middlewares/error.js","statementMap":{"0":{"start":{"line":1,"column":15},"end":{"line":1,"column":35}},"1":{"start":{"line":3,"column":21},"end":{"line":17,"column":1}},"2":{"start":{"line":4,"column":23},"end":{"line":4,"column":40}},"3":{"start":{"line":5,"column":4},"end":{"line":16,"column":7}},"4":{"start":{"line":19,"column":0},"end":{"line":19,"column":30}}},"fnMap":{"0":{"name":"(anonymous_0)","decl":{"start":{"line":3,"column":21},"end":{"line":3,"column":22}},"loc":{"start":{"line":3,"column":46},"end":{"line":17,"column":1}},"line":3}},"branchMap":{"0":{"loc":{"start":{"line":4,"column":23},"end":{"line":4,"column":40}},"type":"binary-expr","locations":[{"start":{"line":4,"column":23},"end":{"line":4,"column":33}},{"start":{"line":4,"column":37},"end":{"line":4,"column":40}}],"line":4},"1":{"loc":{"start":{"line":5,"column":39},"end":{"line":16,"column":5}},"type":"cond-expr","locations":[{"start":{"line":5,"column":73},"end":{"line":10,"column":5}},{"start":{"line":10,"column":8},"end":{"line":16,"column":5}}],"line":5},"2":{"loc":{"start":{"line":13,"column":21},"end":{"line":13,"column":59}},"type":"binary-expr","locations":[{"start":{"line":13,"column":21},"end":{"line":13,"column":32}},{"start":{"line":13,"column":36},"end":{"line":13,"column":59}}],"line":13}},"s":{"0":1,"1":1,"2":4,"3":4,"4":1},"f":{"0":4},"b":{"0":[4,0],"1":[0,4],"2":[4,0]},"_coverageSchema":"1a1c01bbd47fc00a2c39e90264f33305004495a9","hash":"96a75e705d67440e6ccffdc8a02e08d66c28f727"}
,"/Users/akiljawad/Documents/Projects/interview/sheba-cart-microservice/src/middlewares/hasRole.js": {"path":"/Users/akiljawad/Documents/Projects/interview/sheba-cart-microservice/src/middlewares/hasRole.js","statementMap":{"0":{"start":{"line":1,"column":23},"end":{"line":1,"column":69}},"1":{"start":{"line":3,"column":16},"end":{"line":13,"column":1}},"2":{"start":{"line":3,"column":26},"end":{"line":13,"column":1}},"3":{"start":{"line":4,"column":4},"end":{"line":12,"column":5}},"4":{"start":{"line":5,"column":19},"end":{"line":5,"column":32}},"5":{"start":{"line":6,"column":8},"end":{"line":8,"column":9}},"6":{"start":{"line":7,"column":12},"end":{"line":7,"column":75}},"7":{"start":{"line":9,"column":8},"end":{"line":9,"column":15}},"8":{"start":{"line":11,"column":8},"end":{"line":11,"column":18}},"9":{"start":{"line":14,"column":0},"end":{"line":14,"column":25}}},"fnMap":{"0":{"name":"(anonymous_0)","decl":{"start":{"line":3,"column":16},"end":{"line":3,"column":17}},"loc":{"start":{"line":3,"column":26},"end":{"line":13,"column":1}},"line":3},"1":{"name":"(anonymous_1)","decl":{"start":{"line":3,"column":26},"end":{"line":3,"column":27}},"loc":{"start":{"line":3,"column":52},"end":{"line":13,"column":1}},"line":3}},"branchMap":{"0":{"loc":{"start":{"line":6,"column":8},"end":{"line":8,"column":9}},"type":"if","locations":[{"start":{"line":6,"column":8},"end":{"line":8,"column":9}},{"start":{},"end":{}}],"line":6}},"s":{"0":1,"1":1,"2":5,"3":0,"4":0,"5":0,"6":0,"7":0,"8":0,"9":1},"f":{"0":5,"1":0},"b":{"0":[0,0]},"_coverageSchema":"1a1c01bbd47fc00a2c39e90264f33305004495a9","hash":"ee62599d264cbd87c2b2dd5a0e8f33da71e76574"}
,"/Users/akiljawad/Documents/Projects/interview/sheba-cart-microservice/src/middlewares/isAuthenticatedUser.js": {"path":"/Users/akiljawad/Documents/Projects/interview/sheba-cart-microservice/src/middlewares/isAuthenticatedUser.js","statementMap":{"0":{"start":{"line":1,"column":26},"end":{"line":1,"column":75}},"1":{"start":{"line":2,"column":23},"end":{"line":2,"column":69}},"2":{"start":{"line":3,"column":12},"end":{"line":3,"column":35}},"3":{"start":{"line":4,"column":15},"end":{"line":4,"column":35}},"4":{"start":{"line":6,"column":28},"end":{"line":20,"column":1}},"5":{"start":{"line":7,"column":4},"end":{"line":19,"column":5}},"6":{"start":{"line":8,"column":22},"end":{"line":8,"column":62}},"7":{"start":{"line":9,"column":8},"end":{"line":9,"column":73}},"8":{"start":{"line":9,"column":20},"end":{"line":9,"column":73}},"9":{"start":{"line":11,"column":8},"end":{"line":15,"column":11}},"10":{"start":{"line":12,"column":12},"end":{"line":12,"column":66}},"11":{"start":{"line":12,"column":21},"end":{"line":12,"column":66}},"12":{"start":{"line":13,"column":12},"end":{"line":13,"column":28}},"13":{"start":{"line":14,"column":12},"end":{"line":14,"column":19}},"14":{"start":{"line":18,"column":8},"end":{"line":18,"column":18}},"15":{"start":{"line":22,"column":0},"end":{"line":22,"column":37}}},"fnMap":{"0":{"name":"(anonymous_0)","decl":{"start":{"line":6,"column":28},"end":{"line":6,"column":29}},"loc":{"start":{"line":6,"column":54},"end":{"line":20,"column":1}},"line":6},"1":{"name":"(anonymous_1)","decl":{"start":{"line":11,"column":43},"end":{"line":11,"column":44}},"loc":{"start":{"line":11,"column":58},"end":{"line":15,"column":9}},"line":11}},"branchMap":{"0":{"loc":{"start":{"line":9,"column":8},"end":{"line":9,"column":73}},"type":"if","locations":[{"start":{"line":9,"column":8},"end":{"line":9,"column":73}},{"start":{},"end":{}}],"line":9},"1":{"loc":{"start":{"line":12,"column":12},"end":{"line":12,"column":66}},"type":"if","locations":[{"start":{"line":12,"column":12},"end":{"line":12,"column":66}},{"start":{},"end":{}}],"line":12}},"s":{"0":1,"1":1,"2":1,"3":1,"4":1,"5":0,"6":0,"7":0,"8":0,"9":0,"10":0,"11":0,"12":0,"13":0,"14":0,"15":1},"f":{"0":0,"1":0},"b":{"0":[0,0],"1":[0,0]},"_coverageSchema":"1a1c01bbd47fc00a2c39e90264f33305004495a9","hash":"6065a310649803b8007d1321ae94a8f40380a274"}
,"/Users/akiljawad/Documents/Projects/interview/sheba-cart-microservice/src/middlewares/validateRequestBody.js": {"path":"/Users/akiljawad/Documents/Projects/interview/sheba-cart-microservice/src/middlewares/validateRequestBody.js","statementMap":{"0":{"start":{"line":1,"column":27},"end":{"line":1,"column":77}},"1":{"start":{"line":2,"column":24},"end":{"line":2,"column":71}},"2":{"start":{"line":4,"column":28},"end":{"line":15,"column":1}},"3":{"start":{"line":4,"column":40},"end":{"line":15,"column":1}},"4":{"start":{"line":5,"column":4},"end":{"line":14,"column":5}},"5":{"start":{"line":6,"column":8},"end":{"line":8,"column":9}},"6":{"start":{"line":7,"column":12},"end":{"line":7,"column":70}},"7":{"start":{"line":9,"column":24},"end":{"line":9,"column":49}},"8":{"start":{"line":10,"column":8},"end":{"line":10,"column":81}},"9":{"start":{"line":10,"column":19},"end":{"line":10,"column":81}},"10":{"start":{"line":11,"column":8},"end":{"line":11,"column":15}},"11":{"start":{"line":13,"column":8},"end":{"line":13,"column":18}},"12":{"start":{"line":17,"column":0},"end":{"line":17,"column":37}}},"fnMap":{"0":{"name":"(anonymous_0)","decl":{"start":{"line":4,"column":28},"end":{"line":4,"column":29}},"loc":{"start":{"line":4,"column":40},"end":{"line":15,"column":1}},"line":4},"1":{"name":"(anonymous_1)","decl":{"start":{"line":4,"column":40},"end":{"line":4,"column":41}},"loc":{"start":{"line":4,"column":66},"end":{"line":15,"column":1}},"line":4}},"branchMap":{"0":{"loc":{"start":{"line":6,"column":8},"end":{"line":8,"column":9}},"type":"if","locations":[{"start":{"line":6,"column":8},"end":{"line":8,"column":9}},{"start":{},"end":{}}],"line":6},"1":{"loc":{"start":{"line":6,"column":12},"end":{"line":6,"column":59}},"type":"binary-expr","locations":[{"start":{"line":6,"column":12},"end":{"line":6,"column":21}},{"start":{"line":6,"column":25},"end":{"line":6,"column":59}}],"line":6},"2":{"loc":{"start":{"line":10,"column":8},"end":{"line":10,"column":81}},"type":"if","locations":[{"start":{"line":10,"column":8},"end":{"line":10,"column":81}},{"start":{},"end":{}}],"line":10}},"s":{"0":1,"1":1,"2":1,"3":5,"4":7,"5":7,"6":0,"7":7,"8":7,"9":2,"10":5,"11":0,"12":1},"f":{"0":5,"1":7},"b":{"0":[0,7],"1":[7,7],"2":[2,5]},"_coverageSchema":"1a1c01bbd47fc00a2c39e90264f33305004495a9","hash":"b398f68a8752c8b8befb13315142872a5f6c0f3b"}
,"/Users/akiljawad/Documents/Projects/interview/sheba-cart-microservice/src/models/Cart.js": {"path":"/Users/akiljawad/Documents/Projects/interview/sheba-cart-microservice/src/models/Cart.js","statementMap":{"0":{"start":{"line":1,"column":20},"end":{"line":1,"column":40}},"1":{"start":{"line":2,"column":18},"end":{"line":2,"column":41}},"2":{"start":{"line":3,"column":19},"end":{"line":3,"column":56}},"3":{"start":{"line":5,"column":13},"end":{"line":25,"column":2}},"4":{"start":{"line":27,"column":0},"end":{"line":27,"column":22}}},"fnMap":{},"branchMap":{},"s":{"0":2,"1":2,"2":2,"3":2,"4":2},"f":{},"b":{},"_coverageSchema":"1a1c01bbd47fc00a2c39e90264f33305004495a9","hash":"a3c71184285fdec90caf6ef273c38a3bd62e0bcc"}
,"/Users/akiljawad/Documents/Projects/interview/sheba-cart-microservice/src/models/CartItem.js": {"path":"/Users/akiljawad/Documents/Projects/interview/sheba-cart-microservice/src/models/CartItem.js","statementMap":{"0":{"start":{"line":1,"column":20},"end":{"line":1,"column":40}},"1":{"start":{"line":2,"column":18},"end":{"line":2,"column":41}},"2":{"start":{"line":4,"column":17},"end":{"line":38,"column":2}},"3":{"start":{"line":40,"column":0},"end":{"line":40,"column":26}}},"fnMap":{},"branchMap":{},"s":{"0":2,"1":2,"2":2,"3":2},"f":{},"b":{},"_coverageSchema":"1a1c01bbd47fc00a2c39e90264f33305004495a9","hash":"50984c842cefe9a54c0ea36660094b79fa7f7b32"}
,"/Users/akiljawad/Documents/Projects/interview/sheba-cart-microservice/src/models/Order.js": {"path":"/Users/akiljawad/Documents/Projects/interview/sheba-cart-microservice/src/models/Order.js","statementMap":{"0":{"start":{"line":1,"column":20},"end":{"line":1,"column":40}},"1":{"start":{"line":2,"column":18},"end":{"line":2,"column":41}},"2":{"start":{"line":4,"column":14},"end":{"line":24,"column":2}},"3":{"start":{"line":26,"column":0},"end":{"line":26,"column":23}}},"fnMap":{},"branchMap":{},"s":{"0":2,"1":2,"2":2,"3":2},"f":{},"b":{},"_coverageSchema":"1a1c01bbd47fc00a2c39e90264f33305004495a9","hash":"f0720a0d95db84b2b147d850284faa02b19c6dbd"}
,"/Users/akiljawad/Documents/Projects/interview/sheba-cart-microservice/src/models/User.js": {"path":"/Users/akiljawad/Documents/Projects/interview/sheba-cart-microservice/src/models/User.js","statementMap":{"0":{"start":{"line":1,"column":20},"end":{"line":1,"column":40}},"1":{"start":{"line":2,"column":18},"end":{"line":2,"column":41}},"2":{"start":{"line":3,"column":15},"end":{"line":3,"column":32}},"3":{"start":{"line":4,"column":13},"end":{"line":4,"column":44}},"4":{"start":{"line":6,"column":13},"end":{"line":51,"column":2}},"5":{"start":{"line":39,"column":12},"end":{"line":42,"column":13}},"6":{"start":{"line":40,"column":29},"end":{"line":40,"column":53}},"7":{"start":{"line":41,"column":16},"end":{"line":41,"column":71}},"8":{"start":{"line":45,"column":12},"end":{"line":48,"column":13}},"9":{"start":{"line":46,"column":29},"end":{"line":46,"column":53}},"10":{"start":{"line":47,"column":16},"end":{"line":47,"column":71}},"11":{"start":{"line":53,"column":0},"end":{"line":53,"column":22}}},"fnMap":{"0":{"name":"(anonymous_0)","decl":{"start":{"line":38,"column":22},"end":{"line":38,"column":23}},"loc":{"start":{"line":38,"column":47},"end":{"line":43,"column":9}},"line":38},"1":{"name":"(anonymous_1)","decl":{"start":{"line":44,"column":22},"end":{"line":44,"column":23}},"loc":{"start":{"line":44,"column":47},"end":{"line":49,"column":9}},"line":44}},"branchMap":{"0":{"loc":{"start":{"line":39,"column":12},"end":{"line":42,"column":13}},"type":"if","locations":[{"start":{"line":39,"column":12},"end":{"line":42,"column":13}},{"start":{},"end":{}}],"line":39},"1":{"loc":{"start":{"line":45,"column":12},"end":{"line":48,"column":13}},"type":"if","locations":[{"start":{"line":45,"column":12},"end":{"line":48,"column":13}},{"start":{},"end":{}}],"line":45}},"s":{"0":2,"1":2,"2":2,"3":2,"4":2,"5":1,"6":1,"7":1,"8":0,"9":0,"10":0,"11":2},"f":{"0":1,"1":0},"b":{"0":[1,0],"1":[0,0]},"_coverageSchema":"1a1c01bbd47fc00a2c39e90264f33305004495a9","hash":"270120d9ada4e17d48dbf273e9d6cce1628927ae"}
,"/Users/akiljawad/Documents/Projects/interview/sheba-cart-microservice/src/models/index.js": {"path":"/Users/akiljawad/Documents/Projects/interview/sheba-cart-microservice/src/models/index.js","statementMap":{"0":{"start":{"line":1,"column":18},"end":{"line":1,"column":41}},"1":{"start":{"line":2,"column":13},"end":{"line":2,"column":38}},"2":{"start":{"line":3,"column":13},"end":{"line":3,"column":38}},"3":{"start":{"line":4,"column":17},"end":{"line":4,"column":46}},"4":{"start":{"line":5,"column":14},"end":{"line":5,"column":40}},"5":{"start":{"line":7,"column":11},"end":{"line":13,"column":1}},"6":{"start":{"line":15,"column":0},"end":{"line":15,"column":49}},"7":{"start":{"line":16,"column":0},"end":{"line":16,"column":51}},"8":{"start":{"line":18,"column":0},"end":{"line":18,"column":53}},"9":{"start":{"line":19,"column":0},"end":{"line":19,"column":55}},"10":{"start":{"line":21,"column":0},"end":{"line":21,"column":57}},"11":{"start":{"line":22,"column":0},"end":{"line":22,"column":60}},"12":{"start":{"line":24,"column":0},"end":{"line":24,"column":49}},"13":{"start":{"line":25,"column":0},"end":{"line":25,"column":52}},"14":{"start":{"line":27,"column":0},"end":{"line":34,"column":5}},"15":{"start":{"line":28,"column":4},"end":{"line":33,"column":5}},"16":{"start":{"line":29,"column":8},"end":{"line":29,"column":44}},"17":{"start":{"line":30,"column":8},"end":{"line":30,"column":61}},"18":{"start":{"line":32,"column":8},"end":{"line":32,"column":60}},"19":{"start":{"line":36,"column":0},"end":{"line":36,"column":20}}},"fnMap":{"0":{"name":"(anonymous_0)","decl":{"start":{"line":27,"column":1},"end":{"line":27,"column":2}},"loc":{"start":{"line":27,"column":13},"end":{"line":34,"column":1}},"line":27}},"branchMap":{},"s":{"0":3,"1":3,"2":3,"3":3,"4":3,"5":3,"6":3,"7":3,"8":3,"9":3,"10":3,"11":3,"12":3,"13":3,"14":3,"15":3,"16":3,"17":0,"18":1,"19":3},"f":{"0":3},"b":{},"_coverageSchema":"1a1c01bbd47fc00a2c39e90264f33305004495a9","hash":"608d12f3504c22f948eb5568b6952138057a3d45"}
,"/Users/akiljawad/Documents/Projects/interview/sheba-cart-microservice/src/routes/auth.js": {"path":"/Users/akiljawad/Documents/Projects/interview/sheba-cart-microservice/src/routes/auth.js","statementMap":{"0":{"start":{"line":1,"column":16},"end":{"line":1,"column":34}},"1":{"start":{"line":2,"column":15},"end":{"line":2,"column":31}},"2":{"start":{"line":3,"column":23},"end":{"line":3,"column":63}},"3":{"start":{"line":4,"column":28},"end":{"line":4,"column":73}},"4":{"start":{"line":5,"column":28},"end":{"line":5,"column":73}},"5":{"start":{"line":6,"column":23},"end":{"line":6,"column":63}},"6":{"start":{"line":7,"column":30},"end":{"line":7,"column":77}},"7":{"start":{"line":8,"column":21},"end":{"line":8,"column":60}},"8":{"start":{"line":10,"column":0},"end":{"line":12,"column":115}},"9":{"start":{"line":14,"column":0},"end":{"line":14,"column":24}}},"fnMap":{},"branchMap":{},"s":{"0":1,"1":1,"2":1,"3":1,"4":1,"5":1,"6":1,"7":1,"8":1,"9":1},"f":{},"b":{},"_coverageSchema":"1a1c01bbd47fc00a2c39e90264f33305004495a9","hash":"6c9ff59591ab225d55a751e9ec8c04360ec1ea06"}
,"/Users/akiljawad/Documents/Projects/interview/sheba-cart-microservice/src/routes/cart.js": {"path":"/Users/akiljawad/Documents/Projects/interview/sheba-cart-microservice/src/routes/cart.js","statementMap":{"0":{"start":{"line":1,"column":16},"end":{"line":1,"column":34}},"1":{"start":{"line":2,"column":23},"end":{"line":2,"column":63}},"2":{"start":{"line":3,"column":28},"end":{"line":3,"column":73}},"3":{"start":{"line":4,"column":16},"end":{"line":4,"column":49}},"4":{"start":{"line":5,"column":21},"end":{"line":5,"column":60}},"5":{"start":{"line":6,"column":28},"end":{"line":6,"column":73}},"6":{"start":{"line":7,"column":25},"end":{"line":7,"column":67}},"7":{"start":{"line":8,"column":28},"end":{"line":8,"column":73}},"8":{"start":{"line":9,"column":15},"end":{"line":9,"column":31}},"9":{"start":{"line":11,"column":0},"end":{"line":15,"column":116}},"10":{"start":{"line":17,"column":0},"end":{"line":17,"column":24}}},"fnMap":{},"branchMap":{},"s":{"0":1,"1":1,"2":1,"3":1,"4":1,"5":1,"6":1,"7":1,"8":1,"9":1,"10":1},"f":{},"b":{},"_coverageSchema":"1a1c01bbd47fc00a2c39e90264f33305004495a9","hash":"b0dc02d3273496ddfde373c3acd705bcddc36997"}
,"/Users/akiljawad/Documents/Projects/interview/sheba-cart-microservice/src/routes/index.js": {"path":"/Users/akiljawad/Documents/Projects/interview/sheba-cart-microservice/src/routes/index.js","statementMap":{"0":{"start":{"line":1,"column":16},"end":{"line":1,"column":34}},"1":{"start":{"line":2,"column":15},"end":{"line":2,"column":31}},"2":{"start":{"line":4,"column":0},"end":{"line":4,"column":39}},"3":{"start":{"line":5,"column":0},"end":{"line":5,"column":39}},"4":{"start":{"line":7,"column":0},"end":{"line":7,"column":39}},"5":{"start":{"line":8,"column":0},"end":{"line":8,"column":24}}},"fnMap":{},"branchMap":{},"s":{"0":1,"1":1,"2":1,"3":1,"4":1,"5":1},"f":{},"b":{},"_coverageSchema":"1a1c01bbd47fc00a2c39e90264f33305004495a9","hash":"7cec8864cc8726aa2026737e54ffafd16b7dfc68"}
,"/Users/akiljawad/Documents/Projects/interview/sheba-cart-microservice/src/routes/mockOrderRoutes.js": {"path":"/Users/akiljawad/Documents/Projects/interview/sheba-cart-microservice/src/routes/mockOrderRoutes.js","statementMap":{"0":{"start":{"line":1,"column":16},"end":{"line":1,"column":34}},"1":{"start":{"line":2,"column":24},"end":{"line":2,"column":69}},"2":{"start":{"line":3,"column":19},"end":{"line":3,"column":35}},"3":{"start":{"line":6,"column":0},"end":{"line":18,"column":3}},"4":{"start":{"line":7,"column":25},"end":{"line":7,"column":33}},"5":{"start":{"line":10,"column":4},"end":{"line":17,"column":12}},"6":{"start":{"line":11,"column":8},"end":{"line":16,"column":41}},"7":{"start":{"line":20,"column":0},"end":{"line":20,"column":28}}},"fnMap":{"0":{"name":"(anonymous_0)","decl":{"start":{"line":6,"column":26},"end":{"line":6,"column":27}},"loc":{"start":{"line":6,"column":40},"end":{"line":18,"column":1}},"line":6},"1":{"name":"(anonymous_1)","decl":{"start":{"line":10,"column":15},"end":{"line":10,"column":16}},"loc":{"start":{"line":10,"column":21},"end":{"line":17,"column":5}},"line":10}},"branchMap":{},"s":{"0":1,"1":1,"2":1,"3":1,"4":0,"5":0,"6":0,"7":1},"f":{"0":0,"1":0},"b":{},"_coverageSchema":"1a1c01bbd47fc00a2c39e90264f33305004495a9","hash":"279f71af2808a8168fa10986a525b26b124b2a65"}
,"/Users/akiljawad/Documents/Projects/interview/sheba-cart-microservice/src/services/authService.js": {"path":"/Users/akiljawad/Documents/Projects/interview/sheba-cart-microservice/src/services/authService.js","statementMap":{"0":{"start":{"line":1,"column":15},"end":{"line":1,"column":35}},"1":{"start":{"line":2,"column":15},"end":{"line":2,"column":35}},"2":{"start":{"line":3,"column":12},"end":{"line":3,"column":35}},"3":{"start":{"line":4,"column":22},"end":{"line":4,"column":67}},"4":{"start":{"line":5,"column":24},"end":{"line":5,"column":71}},"5":{"start":{"line":6,"column":23},"end":{"line":6,"column":69}},"6":{"start":{"line":7,"column":15},"end":{"line":7,"column":32}},"7":{"start":{"line":9,"column":20},"end":{"line":70,"column":1}},"8":{"start":{"line":11,"column":26},"end":{"line":13,"column":10}},"9":{"start":{"line":14,"column":8},"end":{"line":16,"column":9}},"10":{"start":{"line":15,"column":12},"end":{"line":15,"column":68}},"11":{"start":{"line":17,"column":8},"end":{"line":17,"column":101}},"12":{"start":{"line":21,"column":21},"end":{"line":23,"column":10}},"13":{"start":{"line":24,"column":8},"end":{"line":26,"column":9}},"14":{"start":{"line":25,"column":12},"end":{"line":25,"column":66}},"15":{"start":{"line":27,"column":30},"end":{"line":27,"column":75}},"16":{"start":{"line":28,"column":8},"end":{"line":28,"column":84}},"17":{"start":{"line":28,"column":28},"end":{"line":28,"column":84}},"18":{"start":{"line":30,"column":28},"end":{"line":35,"column":59}},"19":{"start":{"line":37,"column":29},"end":{"line":42,"column":73}},"20":{"start":{"line":44,"column":8},"end":{"line":47,"column":10}},"21":{"start":{"line":51,"column":36},"end":{"line":51,"column":90}},"22":{"start":{"line":52,"column":8},"end":{"line":52,"column":77}},"23":{"start":{"line":52,"column":34},"end":{"line":52,"column":77}},"24":{"start":{"line":54,"column":21},"end":{"line":56,"column":10}},"25":{"start":{"line":57,"column":8},"end":{"line":59,"column":9}},"26":{"start":{"line":58,"column":12},"end":{"line":58,"column":66}},"27":{"start":{"line":60,"column":28},"end":{"line":65,"column":59}},"28":{"start":{"line":66,"column":8},"end":{"line":68,"column":10}},"29":{"start":{"line":72,"column":0},"end":{"line":72,"column":29}}},"fnMap":{"0":{"name":"(anonymous_0)","decl":{"start":{"line":10,"column":16},"end":{"line":10,"column":17}},"loc":{"start":{"line":10,"column":57},"end":{"line":18,"column":5}},"line":10},"1":{"name":"(anonymous_1)","decl":{"start":{"line":20,"column":11},"end":{"line":20,"column":12}},"loc":{"start":{"line":20,"column":40},"end":{"line":48,"column":5}},"line":20},"2":{"name":"(anonymous_2)","decl":{"start":{"line":50,"column":18},"end":{"line":50,"column":19}},"loc":{"start":{"line":50,"column":44},"end":{"line":69,"column":5}},"line":50}},"branchMap":{"0":{"loc":{"start":{"line":14,"column":8},"end":{"line":16,"column":9}},"type":"if","locations":[{"start":{"line":14,"column":8},"end":{"line":16,"column":9}},{"start":{},"end":{}}],"line":14},"1":{"loc":{"start":{"line":24,"column":8},"end":{"line":26,"column":9}},"type":"if","locations":[{"start":{"line":24,"column":8},"end":{"line":26,"column":9}},{"start":{},"end":{}}],"line":24},"2":{"loc":{"start":{"line":28,"column":8},"end":{"line":28,"column":84}},"type":"if","locations":[{"start":{"line":28,"column":8},"end":{"line":28,"column":84}},{"start":{},"end":{}}],"line":28},"3":{"loc":{"start":{"line":52,"column":8},"end":{"line":52,"column":77}},"type":"if","locations":[{"start":{"line":52,"column":8},"end":{"line":52,"column":77}},{"start":{},"end":{}}],"line":52},"4":{"loc":{"start":{"line":57,"column":8},"end":{"line":59,"column":9}},"type":"if","locations":[{"start":{"line":57,"column":8},"end":{"line":59,"column":9}},{"start":{},"end":{}}],"line":57}},"s":{"0":3,"1":3,"2":3,"3":3,"4":3,"5":3,"6":3,"7":3,"8":3,"9":3,"10":1,"11":2,"12":3,"13":3,"14":0,"15":3,"16":3,"17":1,"18":2,"19":2,"20":2,"21":2,"22":2,"23":0,"24":2,"25":2,"26":0,"27":2,"28":2,"29":3},"f":{"0":3,"1":3,"2":2},"b":{"0":[1,2],"1":[0,3],"2":[1,2],"3":[0,2],"4":[0,2]},"_coverageSchema":"1a1c01bbd47fc00a2c39e90264f33305004495a9","hash":"8c649017c73abdcd0201b842dd4792c0d3c15875"}
,"/Users/akiljawad/Documents/Projects/interview/sheba-cart-microservice/src/services/cartService.js": {"path":"/Users/akiljawad/Documents/Projects/interview/sheba-cart-microservice/src/services/cartService.js","statementMap":{"0":{"start":{"line":1,"column":25},"end":{"line":1,"column":45}},"1":{"start":{"line":2,"column":15},"end":{"line":2,"column":35}},"2":{"start":{"line":3,"column":12},"end":{"line":3,"column":35}},"3":{"start":{"line":4,"column":22},"end":{"line":4,"column":67}},"4":{"start":{"line":5,"column":24},"end":{"line":5,"column":71}},"5":{"start":{"line":6,"column":23},"end":{"line":6,"column":69}},"6":{"start":{"line":7,"column":15},"end":{"line":7,"column":32}},"7":{"start":{"line":9,"column":20},"end":{"line":56,"column":1}},"8":{"start":{"line":11,"column":8},"end":{"line":11,"column":70}},"9":{"start":{"line":11,"column":21},"end":{"line":11,"column":70}},"10":{"start":{"line":12,"column":8},"end":{"line":12,"column":64}},"11":{"start":{"line":16,"column":21},"end":{"line":16,"column":48}},"12":{"start":{"line":17,"column":8},"end":{"line":17,"column":63}},"13":{"start":{"line":17,"column":19},"end":{"line":17,"column":63}},"14":{"start":{"line":19,"column":8},"end":{"line":25,"column":31}},"15":{"start":{"line":29,"column":21},"end":{"line":29,"column":48}},"16":{"start":{"line":30,"column":8},"end":{"line":30,"column":63}},"17":{"start":{"line":30,"column":19},"end":{"line":30,"column":63}},"18":{"start":{"line":32,"column":21},"end":{"line":34,"column":10}},"19":{"start":{"line":36,"column":8},"end":{"line":36,"column":71}},"20":{"start":{"line":36,"column":19},"end":{"line":36,"column":71}},"21":{"start":{"line":38,"column":8},"end":{"line":38,"column":33}},"22":{"start":{"line":39,"column":8},"end":{"line":39,"column":26}},"23":{"start":{"line":40,"column":8},"end":{"line":40,"column":39}},"24":{"start":{"line":44,"column":21},"end":{"line":44,"column":48}},"25":{"start":{"line":45,"column":8},"end":{"line":45,"column":63}},"26":{"start":{"line":45,"column":19},"end":{"line":45,"column":63}},"27":{"start":{"line":47,"column":21},"end":{"line":49,"column":10}},"28":{"start":{"line":51,"column":8},"end":{"line":51,"column":71}},"29":{"start":{"line":51,"column":19},"end":{"line":51,"column":71}},"30":{"start":{"line":53,"column":8},"end":{"line":53,"column":29}},"31":{"start":{"line":54,"column":8},"end":{"line":54,"column":39}},"32":{"start":{"line":58,"column":0},"end":{"line":58,"column":29}}},"fnMap":{"0":{"name":"(anonymous_0)","decl":{"start":{"line":10,"column":16},"end":{"line":10,"column":17}},"loc":{"start":{"line":10,"column":36},"end":{"line":13,"column":5}},"line":10},"1":{"name":"(anonymous_1)","decl":{"start":{"line":15,"column":13},"end":{"line":15,"column":14}},"loc":{"start":{"line":15,"column":81},"end":{"line":26,"column":5}},"line":15},"2":{"name":"(anonymous_2)","decl":{"start":{"line":28,"column":16},"end":{"line":28,"column":17}},"loc":{"start":{"line":28,"column":54},"end":{"line":41,"column":5}},"line":28},"3":{"name":"(anonymous_3)","decl":{"start":{"line":43,"column":16},"end":{"line":43,"column":17}},"loc":{"start":{"line":43,"column":44},"end":{"line":55,"column":5}},"line":43}},"branchMap":{"0":{"loc":{"start":{"line":11,"column":8},"end":{"line":11,"column":70}},"type":"if","locations":[{"start":{"line":11,"column":8},"end":{"line":11,"column":70}},{"start":{},"end":{}}],"line":11},"1":{"loc":{"start":{"line":17,"column":8},"end":{"line":17,"column":63}},"type":"if","locations":[{"start":{"line":17,"column":8},"end":{"line":17,"column":63}},{"start":{},"end":{}}],"line":17},"2":{"loc":{"start":{"line":30,"column":8},"end":{"line":30,"column":63}},"type":"if","locations":[{"start":{"line":30,"column":8},"end":{"line":30,"column":63}},{"start":{},"end":{}}],"line":30},"3":{"loc":{"start":{"line":36,"column":8},"end":{"line":36,"column":71}},"type":"if","locations":[{"start":{"line":36,"column":8},"end":{"line":36,"column":71}},{"start":{},"end":{}}],"line":36},"4":{"loc":{"start":{"line":45,"column":8},"end":{"line":45,"column":63}},"type":"if","locations":[{"start":{"line":45,"column":8},"end":{"line":45,"column":63}},{"start":{},"end":{}}],"line":45},"5":{"loc":{"start":{"line":51,"column":8},"end":{"line":51,"column":71}},"type":"if","locations":[{"start":{"line":51,"column":8},"end":{"line":51,"column":71}},{"start":{},"end":{}}],"line":51}},"s":{"0":1,"1":1,"2":1,"3":1,"4":1,"5":1,"6":1,"7":1,"8":0,"9":0,"10":0,"11":0,"12":0,"13":0,"14":0,"15":0,"16":0,"17":0,"18":0,"19":0,"20":0,"21":0,"22":0,"23":0,"24":0,"25":0,"26":0,"27":0,"28":0,"29":0,"30":0,"31":0,"32":1},"f":{"0":0,"1":0,"2":0,"3":0},"b":{"0":[0,0],"1":[0,0],"2":[0,0],"3":[0,0],"4":[0,0],"5":[0,0]},"_coverageSchema":"1a1c01bbd47fc00a2c39e90264f33305004495a9","hash":"45d97649e8a7e213e6d163a30f6d802797169937"}
,"/Users/akiljawad/Documents/Projects/interview/sheba-cart-microservice/src/services/checkoutService.js": {"path":"/Users/akiljawad/Documents/Projects/interview/sheba-cart-microservice/src/services/checkoutService.js","statementMap":{"0":{"start":{"line":1,"column":25},"end":{"line":1,"column":45}},"1":{"start":{"line":2,"column":24},"end":{"line":2,"column":71}},"2":{"start":{"line":3,"column":21},"end":{"line":3,"column":46}},"3":{"start":{"line":4,"column":19},"end":{"line":4,"column":56}},"4":{"start":{"line":6,"column":24},"end":{"line":26,"column":1}},"5":{"start":{"line":8,"column":21},"end":{"line":10,"column":10}},"6":{"start":{"line":11,"column":8},"end":{"line":11,"column":63}},"7":{"start":{"line":11,"column":19},"end":{"line":11,"column":63}},"8":{"start":{"line":13,"column":24},"end":{"line":13,"column":26}},"9":{"start":{"line":15,"column":8},"end":{"line":19,"column":9}},"10":{"start":{"line":16,"column":26},"end":{"line":16,"column":62}},"11":{"start":{"line":18,"column":12},"end":{"line":18,"column":32}},"12":{"start":{"line":21,"column":8},"end":{"line":21,"column":41}},"13":{"start":{"line":22,"column":8},"end":{"line":22,"column":26}},"14":{"start":{"line":24,"column":8},"end":{"line":24,"column":23}},"15":{"start":{"line":28,"column":0},"end":{"line":28,"column":33}}},"fnMap":{"0":{"name":"(anonymous_0)","decl":{"start":{"line":7,"column":14},"end":{"line":7,"column":15}},"loc":{"start":{"line":7,"column":32},"end":{"line":25,"column":5}},"line":7}},"branchMap":{"0":{"loc":{"start":{"line":11,"column":8},"end":{"line":11,"column":63}},"type":"if","locations":[{"start":{"line":11,"column":8},"end":{"line":11,"column":63}},{"start":{},"end":{}}],"line":11}},"s":{"0":1,"1":1,"2":1,"3":1,"4":1,"5":0,"6":0,"7":0,"8":0,"9":0,"10":0,"11":0,"12":0,"13":0,"14":0,"15":1},"f":{"0":0},"b":{"0":[0,0]},"_coverageSchema":"1a1c01bbd47fc00a2c39e90264f33305004495a9","hash":"1afdf2d67f8e8890c189d0787884e1aa33014403"}
,"/Users/akiljawad/Documents/Projects/interview/sheba-cart-microservice/src/services/orderService.js": {"path":"/Users/akiljawad/Documents/Projects/interview/sheba-cart-microservice/src/services/orderService.js","statementMap":{"0":{"start":{"line":1,"column":16},"end":{"line":1,"column":36}},"1":{"start":{"line":2,"column":14},"end":{"line":2,"column":30}},"2":{"start":{"line":4,"column":21},"end":{"line":15,"column":1}},"3":{"start":{"line":6,"column":25},"end":{"line":6,"column":87}},"4":{"start":{"line":8,"column":8},"end":{"line":12,"column":31}},"5":{"start":{"line":17,"column":0},"end":{"line":17,"column":30}}},"fnMap":{"0":{"name":"(anonymous_0)","decl":{"start":{"line":5,"column":17},"end":{"line":5,"column":18}},"loc":{"start":{"line":5,"column":33},"end":{"line":14,"column":5}},"line":5}},"branchMap":{},"s":{"0":1,"1":1,"2":1,"3":0,"4":0,"5":1},"f":{"0":0},"b":{},"_coverageSchema":"1a1c01bbd47fc00a2c39e90264f33305004495a9","hash":"3b3c95d1b86b6806a78a3bfc7ffcf5757e26fd01"}
,"/Users/akiljawad/Documents/Projects/interview/sheba-cart-microservice/src/validations/addItemValidator.js": {"path":"/Users/akiljawad/Documents/Projects/interview/sheba-cart-microservice/src/validations/addItemValidator.js","statementMap":{"0":{"start":{"line":1,"column":12},"end":{"line":1,"column":26}},"1":{"start":{"line":3,"column":25},"end":{"line":8,"column":2}},"2":{"start":{"line":10,"column":0},"end":{"line":10,"column":34}}},"fnMap":{},"branchMap":{},"s":{"0":1,"1":1,"2":1},"f":{},"b":{},"_coverageSchema":"1a1c01bbd47fc00a2c39e90264f33305004495a9","hash":"565bba36589c7164daa19efb7dac61f10931d8f4"}
,"/Users/akiljawad/Documents/Projects/interview/sheba-cart-microservice/src/validations/createUserValidator.js": {"path":"/Users/akiljawad/Documents/Projects/interview/sheba-cart-microservice/src/validations/createUserValidator.js","statementMap":{"0":{"start":{"line":1,"column":12},"end":{"line":1,"column":26}},"1":{"start":{"line":2,"column":13},"end":{"line":2,"column":44}},"2":{"start":{"line":4,"column":28},"end":{"line":9,"column":2}},"3":{"start":{"line":11,"column":0},"end":{"line":11,"column":37}}},"fnMap":{},"branchMap":{},"s":{"0":1,"1":1,"2":1,"3":1},"f":{},"b":{},"_coverageSchema":"1a1c01bbd47fc00a2c39e90264f33305004495a9","hash":"94bdbf4679a641d558f891345f9c0858053eb916"}
,"/Users/akiljawad/Documents/Projects/interview/sheba-cart-microservice/src/validations/loginValidator.js": {"path":"/Users/akiljawad/Documents/Projects/interview/sheba-cart-microservice/src/validations/loginValidator.js","statementMap":{"0":{"start":{"line":1,"column":12},"end":{"line":1,"column":26}},"1":{"start":{"line":3,"column":23},"end":{"line":6,"column":2}},"2":{"start":{"line":8,"column":0},"end":{"line":8,"column":32}}},"fnMap":{},"branchMap":{},"s":{"0":1,"1":1,"2":1},"f":{},"b":{},"_coverageSchema":"1a1c01bbd47fc00a2c39e90264f33305004495a9","hash":"5022c63f94df575bd27e25dbee44b0c93e8b8c83"}
,"/Users/akiljawad/Documents/Projects/interview/sheba-cart-microservice/src/validations/refreshTokenValidator.js": {"path":"/Users/akiljawad/Documents/Projects/interview/sheba-cart-microservice/src/validations/refreshTokenValidator.js","statementMap":{"0":{"start":{"line":1,"column":12},"end":{"line":1,"column":26}},"1":{"start":{"line":3,"column":30},"end":{"line":5,"column":2}},"2":{"start":{"line":7,"column":0},"end":{"line":7,"column":39}}},"fnMap":{},"branchMap":{},"s":{"0":1,"1":1,"2":1},"f":{},"b":{},"_coverageSchema":"1a1c01bbd47fc00a2c39e90264f33305004495a9","hash":"da4a2c573b79b5a3462f15266508d2e1f457cf2e"}
,"/Users/akiljawad/Documents/Projects/interview/sheba-cart-microservice/src/validations/updateItemValidator.js": {"path":"/Users/akiljawad/Documents/Projects/interview/sheba-cart-microservice/src/validations/updateItemValidator.js","statementMap":{"0":{"start":{"line":1,"column":12},"end":{"line":1,"column":26}},"1":{"start":{"line":2,"column":13},"end":{"line":2,"column":44}},"2":{"start":{"line":4,"column":25},"end":{"line":6,"column":2}},"3":{"start":{"line":8,"column":0},"end":{"line":8,"column":34}}},"fnMap":{},"branchMap":{},"s":{"0":1,"1":1,"2":1,"3":1},"f":{},"b":{},"_coverageSchema":"1a1c01bbd47fc00a2c39e90264f33305004495a9","hash":"d198be993c3f71dfc89ea7310b159df8a593a01b"}
,"/Users/akiljawad/Documents/Projects/interview/sheba-cart-microservice/tests/mocks/index.js": {"path":"/Users/akiljawad/Documents/Projects/interview/sheba-cart-microservice/tests/mocks/index.js","statementMap":{"0":{"start":{"line":1,"column":0},"end":{"line":6,"column":2}},"1":{"start":{"line":8,"column":0},"end":{"line":13,"column":2}},"2":{"start":{"line":15,"column":0},"end":{"line":18,"column":2}},"3":{"start":{"line":20,"column":0},"end":{"line":23,"column":2}}},"fnMap":{},"branchMap":{},"s":{"0":3,"1":3,"2":3,"3":3},"f":{},"b":{},"_coverageSchema":"1a1c01bbd47fc00a2c39e90264f33305004495a9","hash":"41c4e5a9dda917bbea6f8534ba33b37fe72ab608"}
}
